# JRE version: OpenJDK Runtime Environment (8.0_242-b01) (build 1.8.0_242-release-1644-b01)
# Java VM: OpenJDK 64-Bit Server VM (25.242-b01 mixed mode windows-amd64 compressed oops)
Heap:
 PSYoungGen      total 83968K, used 35829K [0x00000000d6f80000, 0x00000000dee00000, 0x0000000100000000)
  eden space 68608K, 32% used [0x00000000d6f80000,0x00000000d85079a0,0x00000000db280000)
  from space 15360K, 89% used [0x00000000db280000,0x00000000dbff5ca8,0x00000000dc180000)
  to   space 16896K, 0% used [0x00000000ddd80000,0x00000000ddd80000,0x00000000dee00000)
 ParOldGen       total 66048K, used 17052K [0x0000000084e00000, 0x0000000088e80000, 0x00000000d6f80000)
  object space 66048K, 25% used [0x0000000084e00000,0x0000000085ea7078,0x0000000088e80000)
 Metaspace       used 41033K, capacity 41678K, committed 42152K, reserved 1085440K
  class space    used 5009K, capacity 5201K, committed 5296K, reserved 1048576K
GC Heap History (10 events):
Event: 2.840 GC heap before
{Heap before GC invocations=5 (full 1):
 PSYoungGen      total 36864K, used 31744K [0x00000000d6f80000, 0x00000000db780000, 0x0000000100000000)
  eden space 31744K, 100% used [0x00000000d6f80000,0x00000000d8e80000,0x00000000d8e80000)
  from space 5120K, 0% used [0x00000000d8e80000,0x00000000d8e80000,0x00000000d9380000)
  to   space 5120K, 0% used [0x00000000db280000,0x00000000db280000,0x00000000db780000)
 ParOldGen       total 66048K, used 9837K [0x0000000084e00000, 0x0000000088e80000, 0x00000000d6f80000)
  object space 66048K, 14% used [0x0000000084e00000,0x000000008579b6f8,0x0000000088e80000)
 Metaspace       used 24115K, capacity 24584K, committed 24880K, reserved 1071104K
  class space    used 2861K, capacity 2993K, committed 3120K, reserved 1048576K
Event: 2.858 GC heap after
Heap after GC invocations=5 (full 1):
 PSYoungGen      total 51712K, used 5110K [0x00000000d6f80000, 0x00000000db780000, 0x0000000100000000)
  eden space 46592K, 0% used [0x00000000d6f80000,0x00000000d6f80000,0x00000000d9d00000)
  from space 5120K, 99% used [0x00000000db280000,0x00000000db77d810,0x00000000db780000)
  to   space 5120K, 0% used [0x00000000dad80000,0x00000000dad80000,0x00000000db280000)
 ParOldGen       total 66048K, used 11781K [0x0000000084e00000, 0x0000000088e80000, 0x00000000d6f80000)
  object space 66048K, 17% used [0x0000000084e00000,0x0000000085981610,0x0000000088e80000)
 Metaspace       used 24115K, capacity 24584K, committed 24880K, reserved 1071104K
  class space    used 2861K, capacity 2993K, committed 3120K, reserved 1048576K
}
Event: 3.952 GC heap before
{Heap before GC invocations=6 (full 1):
 PSYoungGen      total 51712K, used 51702K [0x00000000d6f80000, 0x00000000db780000, 0x0000000100000000)
  eden space 46592K, 100% used [0x00000000d6f80000,0x00000000d9d00000,0x00000000d9d00000)
  from space 5120K, 99% used [0x00000000db280000,0x00000000db77d810,0x00000000db780000)
  to   space 5120K, 0% used [0x00000000dad80000,0x00000000dad80000,0x00000000db280000)
 ParOldGen       total 66048K, used 11781K [0x0000000084e00000, 0x0000000088e80000, 0x00000000d6f80000)
  object space 66048K, 17% used [0x0000000084e00000,0x0000000085981610,0x0000000088e80000)
 Metaspace       used 31667K, capacity 32116K, committed 32432K, reserved 1077248K
  class space    used 3995K, capacity 4153K, committed 4272K, reserved 1048576K
Event: 3.973 GC heap after
Heap after GC invocations=6 (full 1):
 PSYoungGen      total 68608K, used 5110K [0x00000000d6f80000, 0x00000000dd100000, 0x0000000100000000)
  eden space 63488K, 0% used [0x00000000d6f80000,0x00000000d6f80000,0x00000000dad80000)
  from space 5120K, 99% used [0x00000000dad80000,0x00000000db27d8e0,0x00000000db280000)
  to   space 15872K, 0% used [0x00000000dc180000,0x00000000dc180000,0x00000000dd100000)
 ParOldGen       total 66048K, used 22670K [0x0000000084e00000, 0x0000000088e80000, 0x00000000d6f80000)
  object space 66048K, 34% used [0x0000000084e00000,0x0000000086423b20,0x0000000088e80000)
 Metaspace       used 31667K, capacity 32116K, committed 32432K, reserved 1077248K
  class space    used 3995K, capacity 4153K, committed 4272K, reserved 1048576K
}
Event: 4.320 GC heap before
{Heap before GC invocations=7 (full 1):
 PSYoungGen      total 68608K, used 17753K [0x00000000d6f80000, 0x00000000dd100000, 0x0000000100000000)
  eden space 63488K, 19% used [0x00000000d6f80000,0x00000000d7bd8b78,0x00000000dad80000)
  from space 5120K, 99% used [0x00000000dad80000,0x00000000db27d8e0,0x00000000db280000)
  to   space 15872K, 0% used [0x00000000dc180000,0x00000000dc180000,0x00000000dd100000)
 ParOldGen       total 66048K, used 22670K [0x0000000084e00000, 0x0000000088e80000, 0x00000000d6f80000)
  object space 66048K, 34% used [0x0000000084e00000,0x0000000086423b20,0x0000000088e80000)
 Metaspace       used 34639K, capacity 35162K, committed 35496K, reserved 1081344K
  class space    used 4365K, capacity 4519K, committed 4528K, reserved 1048576K
Event: 4.330 GC heap after
Heap after GC invocations=7 (full 1):
 PSYoungGen      total 84480K, used 8630K [0x00000000d6f80000, 0x00000000dea00000, 0x0000000100000000)
  eden space 68608K, 0% used [0x00000000d6f80000,0x00000000d6f80000,0x00000000db280000)
  from space 15872K, 54% used [0x00000000dc180000,0x00000000dc9edac0,0x00000000dd100000)
  to   space 15360K, 0% used [0x00000000db280000,0x00000000db280000,0x00000000dc180000)
 ParOldGen       total 66048K, used 22678K [0x0000000084e00000, 0x0000000088e80000, 0x00000000d6f80000)
  object space 66048K, 34% used [0x0000000084e00000,0x0000000086425b20,0x0000000088e80000)
 Metaspace       used 34639K, capacity 35162K, committed 35496K, reserved 1081344K
  class space    used 4365K, capacity 4519K, committed 4528K, reserved 1048576K
}
Event: 4.330 GC heap before
{Heap before GC invocations=8 (full 2):
 PSYoungGen      total 84480K, used 8630K [0x00000000d6f80000, 0x00000000dea00000, 0x0000000100000000)
  eden space 68608K, 0% used [0x00000000d6f80000,0x00000000d6f80000,0x00000000db280000)
  from space 15872K, 54% used [0x00000000dc180000,0x00000000dc9edac0,0x00000000dd100000)
  to   space 15360K, 0% used [0x00000000db280000,0x00000000db280000,0x00000000dc180000)
 ParOldGen       total 66048K, used 22678K [0x0000000084e00000, 0x0000000088e80000, 0x00000000d6f80000)
  object space 66048K, 34% used [0x0000000084e00000,0x0000000086425b20,0x0000000088e80000)
 Metaspace       used 34639K, capacity 35162K, committed 35496K, reserved 1081344K
  class space    used 4365K, capacity 4519K, committed 4528K, reserved 1048576K
Event: 4.415 GC heap after
Heap after GC invocations=8 (full 2):
 PSYoungGen      total 84480K, used 0K [0x00000000d6f80000, 0x00000000dea00000, 0x0000000100000000)
  eden space 68608K, 0% used [0x00000000d6f80000,0x00000000d6f80000,0x00000000db280000)
  from space 15872K, 0% used [0x00000000dc180000,0x00000000dc180000,0x00000000dd100000)
  to   space 15360K, 0% used [0x00000000db280000,0x00000000db280000,0x00000000dc180000)
 ParOldGen       total 66048K, used 17044K [0x0000000084e00000, 0x0000000088e80000, 0x00000000d6f80000)
  object space 66048K, 25% used [0x0000000084e00000,0x0000000085ea5078,0x0000000088e80000)
 Metaspace       used 34639K, capacity 35162K, committed 35496K, reserved 1081344K
  class space    used 4365K, capacity 4519K, committed 4528K, reserved 1048576K
}
Event: 5.628 GC heap before
{Heap before GC invocations=9 (full 2):
 PSYoungGen      total 84480K, used 68608K [0x00000000d6f80000, 0x00000000dea00000, 0x0000000100000000)
  eden space 68608K, 100% used [0x00000000d6f80000,0x00000000db280000,0x00000000db280000)
  from space 15872K, 0% used [0x00000000dc180000,0x00000000dc180000,0x00000000dd100000)
  to   space 15360K, 0% used [0x00000000db280000,0x00000000db280000,0x00000000dc180000)
 ParOldGen       total 66048K, used 17044K [0x0000000084e00000, 0x0000000088e80000, 0x00000000d6f80000)
  object space 66048K, 25% used [0x0000000084e00000,0x0000000085ea5078,0x0000000088e80000)
 Metaspace       used 39779K, capacity 40366K, committed 40744K, reserved 1085440K
  class space    used 4953K, capacity 5129K, committed 5168K, reserved 1048576K
Event: 5.647 GC heap after
Heap after GC invocations=9 (full 2):
 PSYoungGen      total 83968K, used 13783K [0x00000000d6f80000, 0x00000000dee00000, 0x0000000100000000)
  eden space 68608K, 0% used [0x00000000d6f80000,0x00000000d6f80000,0x00000000db280000)
  from space 15360K, 89% used [0x00000000db280000,0x00000000dbff5ca8,0x00000000dc180000)
  to   space 16896K, 0% used [0x00000000ddd80000,0x00000000ddd80000,0x00000000dee00000)
 ParOldGen       total 66048K, used 17052K [0x0000000084e00000, 0x0000000088e80000, 0x00000000d6f80000)
  object space 66048K, 25% used [0x0000000084e00000,0x0000000085ea7078,0x0000000088e80000)
 Metaspace       used 39779K, capacity 40366K, committed 40744K, reserved 1085440K
  class space    used 4953K, capacity 5129K, committed 5168K, reserved 1048576K
}

